Performing C SOURCE FILE Test CMAKE_HAVE_LIBC_PTHREAD failed with the following output:
Change Dir: /home/miguellr/CLionProjects/image_receiver_boost/cmake-build-debug/CMakeFiles/CMakeTmp

Run Build Command(s):/bin/make cmTC_fb4f3/fast && /bin/make  -f CMakeFiles/cmTC_fb4f3.dir/build.make CMakeFiles/cmTC_fb4f3.dir/build
make[1]: Entrando no diretório '/home/miguellr/CLionProjects/image_receiver_boost/cmake-build-debug/CMakeFiles/CMakeTmp'
Building C object CMakeFiles/cmTC_fb4f3.dir/src.c.o
/bin/cc -DCMAKE_HAVE_LIBC_PTHREAD   -o CMakeFiles/cmTC_fb4f3.dir/src.c.o -c /home/miguellr/CLionProjects/image_receiver_boost/cmake-build-debug/CMakeFiles/CMakeTmp/src.c
Linking C executable cmTC_fb4f3
/home/miguellr/programs/CLion-2021.1.2/bin/cmake/linux/bin/cmake -E cmake_link_script CMakeFiles/cmTC_fb4f3.dir/link.txt --verbose=1
/bin/cc CMakeFiles/cmTC_fb4f3.dir/src.c.o -o cmTC_fb4f3 
/bin/ld: CMakeFiles/cmTC_fb4f3.dir/src.c.o: na função "main":
src.c:(.text+0x46): referência não definida para "pthread_create"
/bin/ld: src.c:(.text+0x52): referência não definida para "pthread_detach"
/bin/ld: src.c:(.text+0x5e): referência não definida para "pthread_cancel"
/bin/ld: src.c:(.text+0x6f): referência não definida para "pthread_join"
collect2: error: ld returned 1 exit status
make[1]: *** [CMakeFiles/cmTC_fb4f3.dir/build.make:106: cmTC_fb4f3] Erro 1
make[1]: Saindo do diretório '/home/miguellr/CLionProjects/image_receiver_boost/cmake-build-debug/CMakeFiles/CMakeTmp'
make: *** [Makefile:140: cmTC_fb4f3/fast] Erro 2


Source file was:
#include <pthread.h>

static void* test_func(void* data)
{
  return data;
}

int main(void)
{
  pthread_t thread;
  pthread_create(&thread, NULL, test_func, NULL);
  pthread_detach(thread);
  pthread_cancel(thread);
  pthread_join(thread, NULL);
  pthread_atfork(NULL, NULL, NULL);
  pthread_exit(NULL);

  return 0;
}

Determining if the function pthread_create exists in the pthreads failed with the following output:
Change Dir: /home/miguellr/CLionProjects/image_receiver_boost/cmake-build-debug/CMakeFiles/CMakeTmp

Run Build Command(s):/bin/make cmTC_eb3e8/fast && /bin/make  -f CMakeFiles/cmTC_eb3e8.dir/build.make CMakeFiles/cmTC_eb3e8.dir/build
make[1]: Entrando no diretório '/home/miguellr/CLionProjects/image_receiver_boost/cmake-build-debug/CMakeFiles/CMakeTmp'
Building C object CMakeFiles/cmTC_eb3e8.dir/CheckFunctionExists.c.o
/bin/cc   -DCHECK_FUNCTION_EXISTS=pthread_create -o CMakeFiles/cmTC_eb3e8.dir/CheckFunctionExists.c.o -c /home/miguellr/programs/CLion-2021.1.2/bin/cmake/linux/share/cmake-3.19/Modules/CheckFunctionExists.c
Linking C executable cmTC_eb3e8
/home/miguellr/programs/CLion-2021.1.2/bin/cmake/linux/bin/cmake -E cmake_link_script CMakeFiles/cmTC_eb3e8.dir/link.txt --verbose=1
/bin/cc  -DCHECK_FUNCTION_EXISTS=pthread_create CMakeFiles/cmTC_eb3e8.dir/CheckFunctionExists.c.o -o cmTC_eb3e8  -lpthreads 
/bin/ld: não foi possível localizar -lpthreads
collect2: error: ld returned 1 exit status
make[1]: *** [CMakeFiles/cmTC_eb3e8.dir/build.make:106: cmTC_eb3e8] Erro 1
make[1]: Saindo do diretório '/home/miguellr/CLionProjects/image_receiver_boost/cmake-build-debug/CMakeFiles/CMakeTmp'
make: *** [Makefile:140: cmTC_eb3e8/fast] Erro 2



